Unity Editor version:    2020.3.23f1 (c5d91304a876)
Branch:                  2020.3/staging
Build type:              Release
Batch mode:              YES
macOS version:           Version 10.15.7 (Build 19H1217)
Darwin version:          19.6.0
Architecture:            x86_64
Running under Rosetta:   NO
Available memory:        8192 MB
Using pre-set license
Pro License: NO

COMMAND LINE ARGUMENTS:
/Applications/Unity/Hub/Editor/2020.3.23f1/Unity.app/Contents/MacOS/Unity
-adb2
-batchMode
-noUpm
-name
AssetImportWorker0
-projectPath
/Users/linchengwei/VikingRun
-logFile
Logs/AssetImportWorker0.log
-srvPort
62558
Successfully changed project path to: /Users/linchengwei/VikingRun
/Users/linchengwei/VikingRun
Using Asset Import Pipeline V2.
Refreshing native plugins compatible for Editor in 82.77 ms, found 2 plugins.
Preloading 0 native plugins for Editor in 0.00 ms.
Initialize engine version: 2020.3.23f1 (c5d91304a876)
[Subsystems] Discovering subsystems at path /Applications/Unity/Hub/Editor/2020.3.23f1/Unity.app/Contents/Resources/UnitySubsystems
[Subsystems] Discovering subsystems at path /Users/linchengwei/VikingRun/Assets
GfxDevice: creating device client; threaded=0
2021-12-25 12:50:43.916 Unity[33498:20121197] Color LCD preferred device: Intel(R) UHD Graphics 617 (low power)
2021-12-25 12:50:43.916 Unity[33498:20121197] Metal devices available: 1
2021-12-25 12:50:43.916 Unity[33498:20121197] 0: Intel(R) UHD Graphics 617 (low power)
2021-12-25 12:50:43.917 Unity[33498:20121197] Using device Intel(R) UHD Graphics 617 (low power)
Initializing Metal device caps: Intel(R) UHD Graphics 617
Initialize mono
Mono path[0] = '/Applications/Unity/Hub/Editor/2020.3.23f1/Unity.app/Contents/Managed'
Mono path[1] = '/Applications/Unity/Hub/Editor/2020.3.23f1/Unity.app/Contents/MonoBleedingEdge/lib/mono/unityjit'
Mono config path = '/Applications/Unity/Hub/Editor/2020.3.23f1/Unity.app/Contents/MonoBleedingEdge/etc'
Using monoOptions --debugger-agent=transport=dt_socket,embedding=1,server=y,suspend=n,address=127.0.0.1:56498
Begin MonoManager ReloadAssembly
Registering precompiled unity dll's ...
Register platform support module: /Applications/Unity/Hub/Editor/2020.3.23f1/Unity.app/Contents/PlaybackEngines/MacStandaloneSupport/UnityEditor.OSXStandalone.Extensions.dll
Registered in 0.004328 seconds.
Native extension for OSXStandalone target not found
Refreshing native plugins compatible for Editor in 83.34 ms, found 2 plugins.
Preloading 0 native plugins for Editor in 0.00 ms.
Mono: successfully reloaded assembly
- Completed reload, in  1.249 seconds
Domain Reload Profiling:
	ReloadAssembly (1250ms)
		BeginReloadAssembly (91ms)
			ExecutionOrderSort (0ms)
			DisableScriptedObjects (0ms)
			BackupInstance (0ms)
			ReleaseScriptingObjects (0ms)
			CreateAndSetChildDomain (3ms)
		EndReloadAssembly (1031ms)
			LoadAssemblies (89ms)
			RebuildTransferFunctionScriptingTraits (0ms)
			SetupTypeCache (329ms)
			ReleaseScriptCaches (0ms)
			RebuildScriptCaches (90ms)
			SetupLoadedEditorAssemblies (456ms)
				LogAssemblyErrors (0ms)
				InitializePlatformSupportModulesInManaged (10ms)
				SetLoadedEditorAssemblies (0ms)
				RefreshPlugins (83ms)
				BeforeProcessingInitializeOnLoad (27ms)
				ProcessInitializeOnLoadAttributes (275ms)
				ProcessInitializeOnLoadMethodAttributes (59ms)
				AfterProcessingInitializeOnLoad (0ms)
				EditorAssembliesLoaded (0ms)
			ExecutionOrderSort2 (0ms)
			AwakeInstancesAfterBackupRestoration (0ms)
Platform modules already initialized, skipping
Registering precompiled user dll's ...
Registered in 0.013217 seconds.
Begin MonoManager ReloadAssembly
Native extension for OSXStandalone target not found
Refreshing native plugins compatible for Editor in 1.09 ms, found 2 plugins.
Preloading 0 native plugins for Editor in 0.00 ms.
Mono: successfully reloaded assembly
- Completed reload, in  2.879 seconds
Domain Reload Profiling:
	ReloadAssembly (2881ms)
		BeginReloadAssembly (418ms)
			ExecutionOrderSort (0ms)
			DisableScriptedObjects (14ms)
			BackupInstance (0ms)
			ReleaseScriptingObjects (0ms)
			CreateAndSetChildDomain (85ms)
		EndReloadAssembly (2295ms)
			LoadAssemblies (281ms)
			RebuildTransferFunctionScriptingTraits (0ms)
			SetupTypeCache (849ms)
			ReleaseScriptCaches (1ms)
			RebuildScriptCaches (168ms)
			SetupLoadedEditorAssemblies (730ms)
				LogAssemblyErrors (0ms)
				InitializePlatformSupportModulesInManaged (9ms)
				SetLoadedEditorAssemblies (1ms)
				RefreshPlugins (1ms)
				BeforeProcessingInitializeOnLoad (163ms)
				ProcessInitializeOnLoadAttributes (530ms)
				ProcessInitializeOnLoadMethodAttributes (23ms)
				AfterProcessingInitializeOnLoad (2ms)
				EditorAssembliesLoaded (0ms)
			ExecutionOrderSort2 (0ms)
			AwakeInstancesAfterBackupRestoration (14ms)
Platform modules already initialized, skipping
Validating Project structure ... 0.030105 seconds.
Shader import version has changed; will reimport all shaders...
Upgrading shader files ...0.036256 seconds.
Application.AssetDatabase Initial Script Refresh Start
RefreshInfo: InitialScriptRefreshV2(NoUpdateAssetOptions) scanfilter:  ... 1 filters
RefreshProfiler: Total: 0.000ms
Application.AssetDatabase Initial Script Refresh End
Application.AssetDatabase.Refresh Start
Application.AssetDatabase.Refresh End
RefreshInfo: StopAssetImportingV2(ForceSynchronousImport) scanfilter: 
RefreshProfiler: Total: 0.000ms
Launching external process: /Applications/Unity/Hub/Editor/2020.3.23f1/Unity.app/Contents/Tools/UnityShaderCompiler
Launched and connected shader compiler UnityShaderCompiler after 0.03 seconds
Initializing Unity extensions:
========================================================================
Worker process is ready to serve import requests
Refreshing native plugins compatible for Editor in 0.64 ms, found 2 plugins.
Preloading 0 native plugins for Editor in 0.00 ms.
Unloading 1511 Unused Serialized files (Serialized files now loaded: 0)
System memory in use before: 200.1 MB.
System memory in use after: 199.9 MB.

Unloading 84 unused Assets to reduce memory usage. Loaded Objects now: 2022.
Total: 6.994881 ms (FindLiveObjects: 0.256470 ms CreateObjectMapping: 0.082294 ms MarkObjects: 6.330228 ms  DeleteObjects: 0.324228 ms)

AssetImportParameters requested are different than current active one (requested -> active):
  custom:video-decoder-ogg-theora: a1e56fd34408186e4bbccfd4996cb3dc -> 
  custom:container-muxer-webm: aa71ff27fc2769a1b78a27578f13a17b -> 
  custom:container-demuxer-webm: 4f35f7cbe854078d1ac9338744f61a02 -> 
  custom:container-demuxer-ogg: 62fdf1f143b41e24485cea50d1cbac27 -> 
  custom:video-encoder-webm-vp8: eb34c28f22e8b96e1ab97ce403110664 -> 
  custom:framework-osx-AVFoundation: b23960f63f64bdc6ff669e2cdcee2391 -> 
  custom:video-decoder-webm-vp8: 9c59270c3fd7afecdb556c50c9e8de78 -> 
  custom:audio-decoder-ogg-vorbis: bf7c407c2cedff20999df2af8eb42d56 -> 
  custom:audio-encoder-webm-vorbis: bf7c407c2cedff20999df2af8eb42d56 -> 
========================================================================
Received Import Request.
  path: Assets/Scenes/Menu.unity
  artifactKey: Guid(81a0cc712077943c9b37de8f82c51638) Importer(815301076,1909f56bfc062723c751e8b465ee728b)
Start importing Assets/Scenes/Menu.unity using Guid(81a0cc712077943c9b37de8f82c51638) Importer(815301076,1909f56bfc062723c751e8b465ee728b)  -> (artifact id: '615da34cdce925e067bdbecb3a94bff7') in 0.039673 seconds 
  Import took 0.055577 seconds .

========================================================================
Received Import Request.
  Time since last request: 175.091219 seconds.
  path: Assets/MyAnimation/Materials/bear_alpha 1.png
  artifactKey: Guid(8af65a3320f704658a23dca1aacfd1b1) Importer(815301076,1909f56bfc062723c751e8b465ee728b)
Start importing Assets/MyAnimation/Materials/bear_alpha 1.png using Guid(8af65a3320f704658a23dca1aacfd1b1) Importer(815301076,1909f56bfc062723c751e8b465ee728b)  -> (artifact id: '8f57c600fcbabe7192ffa76fb3fc4e85') in 0.976071 seconds 
  Import took 0.996766 seconds .

========================================================================
Received Import Request.
  Time since last request: 0.000358 seconds.
  path: Assets/MyAnimation/Materials/bear_specular 2.png
  artifactKey: Guid(f8ddfbc441ad74fe2ab0a2f96a87648c) Importer(815301076,1909f56bfc062723c751e8b465ee728b)
Start importing Assets/MyAnimation/Materials/bear_specular 2.png using Guid(f8ddfbc441ad74fe2ab0a2f96a87648c) Importer(815301076,1909f56bfc062723c751e8b465ee728b)  -> (artifact id: '4117e0e3d0b8de12ebd4395f65d3bced') in 0.024230 seconds 
  Import took 0.032119 seconds .

========================================================================
Received Import Request.
  Time since last request: 0.000332 seconds.
  path: Assets/MyAnimation/Materials/bear_diffuse.png
  artifactKey: Guid(4c6473de6533e4032921ff4315da3d0e) Importer(815301076,1909f56bfc062723c751e8b465ee728b)
Start importing Assets/MyAnimation/Materials/bear_diffuse.png using Guid(4c6473de6533e4032921ff4315da3d0e) Importer(815301076,1909f56bfc062723c751e8b465ee728b)  -> (artifact id: 'e845795ad3740299e9fd69b199040c59') in 0.020363 seconds 
  Import took 0.028780 seconds .

========================================================================
Received Import Request.
  Time since last request: 0.000559 seconds.
  path: Assets/MyAnimation/Materials/bear_diffuse 1.png
  artifactKey: Guid(b40d1cc03f9254f9bb941750d0ccc4bf) Importer(815301076,1909f56bfc062723c751e8b465ee728b)
Start importing Assets/MyAnimation/Materials/bear_diffuse 1.png using Guid(b40d1cc03f9254f9bb941750d0ccc4bf) Importer(815301076,1909f56bfc062723c751e8b465ee728b)  -> (artifact id: '5f42799184e4849aca5b65138f6d3aff') in 0.034210 seconds 
  Import took 0.041824 seconds .

========================================================================
Received Import Request.
  Time since last request: 0.000550 seconds.
  path: Assets/MyAnimation/Materials/bear_normal 2.png
  artifactKey: Guid(da3d5257033c94438bb3d0a4725f854a) Importer(815301076,1909f56bfc062723c751e8b465ee728b)
Start importing Assets/MyAnimation/Materials/bear_normal 2.png using Guid(da3d5257033c94438bb3d0a4725f854a) Importer(815301076,1909f56bfc062723c751e8b465ee728b)  -> (artifact id: '30878c1c6eed6285dcc059d86c00f0c6') in 0.053351 seconds 
  Import took 0.061557 seconds .

========================================================================
Received Import Request.
  Time since last request: 0.000375 seconds.
  path: Assets/MyAnimation/Materials/bear_normal 1.png
  artifactKey: Guid(ac1956e2e57534772a11e35101936205) Importer(815301076,1909f56bfc062723c751e8b465ee728b)
Start importing Assets/MyAnimation/Materials/bear_normal 1.png using Guid(ac1956e2e57534772a11e35101936205) Importer(815301076,1909f56bfc062723c751e8b465ee728b)  -> (artifact id: '3e624f4ccf9cf437c25ea3660507dc3d') in 0.042553 seconds 
  Import took 0.049057 seconds .

========================================================================
Received Import Request.
  Time since last request: 0.000469 seconds.
  path: Assets/MyAnimation/Materials/bear_alpha 2.png
  artifactKey: Guid(4e9f8ee86416544baa6c6b1bf4e25410) Importer(815301076,1909f56bfc062723c751e8b465ee728b)
Start importing Assets/MyAnimation/Materials/bear_alpha 2.png using Guid(4e9f8ee86416544baa6c6b1bf4e25410) Importer(815301076,1909f56bfc062723c751e8b465ee728b)  -> (artifact id: '734f673b6beab13b7fdac4c178d4757d') in 0.033874 seconds 
  Import took 0.039054 seconds .

========================================================================
Received Import Request.
  Time since last request: 0.000395 seconds.
  path: Assets/MyAnimation/Materials/bear_normal.png
  artifactKey: Guid(1d4361ac8b3d244108a144615a85a6ca) Importer(815301076,1909f56bfc062723c751e8b465ee728b)
Start importing Assets/MyAnimation/Materials/bear_normal.png using Guid(1d4361ac8b3d244108a144615a85a6ca) Importer(815301076,1909f56bfc062723c751e8b465ee728b)  -> (artifact id: 'd71d0a596d045f294e590601fa623161') in 0.027165 seconds 
  Import took 0.033403 seconds .

========================================================================
Received Import Request.
  Time since last request: 0.000364 seconds.
  path: Assets/MyAnimation/Materials/bear_specular.png
  artifactKey: Guid(813e69e9566d04b65b1196e531a05b43) Importer(815301076,1909f56bfc062723c751e8b465ee728b)
Start importing Assets/MyAnimation/Materials/bear_specular.png using Guid(813e69e9566d04b65b1196e531a05b43) Importer(815301076,1909f56bfc062723c751e8b465ee728b)  -> (artifact id: '18a0d7c4b8fcd91ff42c34db68abb61a') in 0.015262 seconds 
  Import took 0.023486 seconds .

========================================================================
Received Import Request.
  Time since last request: 0.000641 seconds.
  path: Assets/MyAnimation/Materials/bear_alpha.png
  artifactKey: Guid(7816e318e88794276af0a81b67ba1b9b) Importer(815301076,1909f56bfc062723c751e8b465ee728b)
Start importing Assets/MyAnimation/Materials/bear_alpha.png using Guid(7816e318e88794276af0a81b67ba1b9b) Importer(815301076,1909f56bfc062723c751e8b465ee728b)  -> (artifact id: 'c0bb4543b2c15c148f3611e25e963ca2') in 0.016613 seconds 
  Import took 0.022899 seconds .

========================================================================
Received Import Request.
  Time since last request: 0.000411 seconds.
  path: Assets/MyAnimation/Materials/bear_specular 1.png
  artifactKey: Guid(1bbc493b4a1ac4f12ad7270698c9f254) Importer(815301076,1909f56bfc062723c751e8b465ee728b)
Start importing Assets/MyAnimation/Materials/bear_specular 1.png using Guid(1bbc493b4a1ac4f12ad7270698c9f254) Importer(815301076,1909f56bfc062723c751e8b465ee728b)  -> (artifact id: 'f08d03e46d50039351b039608182a199') in 0.028562 seconds 
  Import took 0.035193 seconds .

========================================================================
Received Import Request.
  Time since last request: 0.000947 seconds.
  path: Assets/MyAnimation/Materials/bear_diffuse 2.png
  artifactKey: Guid(2c0b3e6c93eac4a18a132ba4a0a9d1be) Importer(815301076,1909f56bfc062723c751e8b465ee728b)
Start importing Assets/MyAnimation/Materials/bear_diffuse 2.png using Guid(2c0b3e6c93eac4a18a132ba4a0a9d1be) Importer(815301076,1909f56bfc062723c751e8b465ee728b)  -> (artifact id: 'a5ff39bfb63f77875b515a95aa0eda36') in 0.029905 seconds 
  Import took 0.037584 seconds .

========================================================================
Received Import Request.
  Time since last request: 72.579047 seconds.
  path: Assets/Toby Fredson/Rocky Hills Environment - Light Pack/Textures/MRLFGenericRockGrass_Albedo.png
  artifactKey: Guid(7193a6787ada0c749b5388d7b75a3c07) Importer(815301076,1909f56bfc062723c751e8b465ee728b)
Start importing Assets/Toby Fredson/Rocky Hills Environment - Light Pack/Textures/MRLFGenericRockGrass_Albedo.png using Guid(7193a6787ada0c749b5388d7b75a3c07) Importer(815301076,1909f56bfc062723c751e8b465ee728b)  -> (artifact id: '5666709390fb059b1c934c6947dd4e87') in 0.023667 seconds 
  Import took 0.030790 seconds .

========================================================================
Received Import Request.
  Time since last request: 0.000427 seconds.
  path: Assets/Toby Fredson/Rocky Hills Environment - Light Pack/Textures/RHEFGenericCliffB_DiffuseMobile.png
  artifactKey: Guid(b40cc21c4d3b570428e308f2679a2a2d) Importer(815301076,1909f56bfc062723c751e8b465ee728b)
Start importing Assets/Toby Fredson/Rocky Hills Environment - Light Pack/Textures/RHEFGenericCliffB_DiffuseMobile.png using Guid(b40cc21c4d3b570428e308f2679a2a2d) Importer(815301076,1909f56bfc062723c751e8b465ee728b)  -> (artifact id: 'ffb5a3d1befd12361101659d482cbd08') in 0.023157 seconds 
  Import took 0.029533 seconds .

========================================================================
Received Import Request.
  Time since last request: 0.000375 seconds.
  path: Assets/Toby Fredson/Rocky Hills Environment - Light Pack/Textures/RHEFRockMediumC_Diffuse.png
  artifactKey: Guid(8fefb9076f81ecb4d90efcc90ed78870) Importer(815301076,1909f56bfc062723c751e8b465ee728b)
Start importing Assets/Toby Fredson/Rocky Hills Environment - Light Pack/Textures/RHEFRockMediumC_Diffuse.png using Guid(8fefb9076f81ecb4d90efcc90ed78870) Importer(815301076,1909f56bfc062723c751e8b465ee728b)  -> (artifact id: 'c9bafd48502b784cc21c0e7f84bd4986') in 0.030898 seconds 
  Import took 0.037670 seconds .

========================================================================
Received Import Request.
  Time since last request: 0.000633 seconds.
  path: Assets/Toby Fredson/Rocky Hills Environment - Light Pack/Textures/RHEFRockDetails_Diffuse.png
  artifactKey: Guid(c01d51651a1762545b1662376645cb58) Importer(815301076,1909f56bfc062723c751e8b465ee728b)
Start importing Assets/Toby Fredson/Rocky Hills Environment - Light Pack/Textures/RHEFRockDetails_Diffuse.png using Guid(c01d51651a1762545b1662376645cb58) Importer(815301076,1909f56bfc062723c751e8b465ee728b)  -> (artifact id: 'e8ebafb85352a02e65191a93c596d2a7') in 0.043883 seconds 
  Import took 0.051669 seconds .

========================================================================
Received Import Request.
  Time since last request: 0.000366 seconds.
  path: Assets/Toby Fredson/Rocky Hills Environment - Light Pack/Textures/RHEFCave_AO.png
  artifactKey: Guid(236b0004fd65e4246b78c5245ee14ba0) Importer(815301076,1909f56bfc062723c751e8b465ee728b)
Start importing Assets/Toby Fredson/Rocky Hills Environment - Light Pack/Textures/RHEFCave_AO.png using Guid(236b0004fd65e4246b78c5245ee14ba0) Importer(815301076,1909f56bfc062723c751e8b465ee728b)  -> (artifact id: '246af8ff7d08afa2f46235263f06e4d4') in 0.020136 seconds 
  Import took 0.026944 seconds .

========================================================================
Received Import Request.
  Time since last request: 0.000334 seconds.
  path: Assets/Toby Fredson/Rocky Hills Environment - Light Pack/Textures/RHEFCaveTop_Diffuse.png
  artifactKey: Guid(cfb64e1a500bb644eaf3695fc103dee6) Importer(815301076,1909f56bfc062723c751e8b465ee728b)
Start importing Assets/Toby Fredson/Rocky Hills Environment - Light Pack/Textures/RHEFCaveTop_Diffuse.png using Guid(cfb64e1a500bb644eaf3695fc103dee6) Importer(815301076,1909f56bfc062723c751e8b465ee728b)  -> (artifact id: '7e0c891f22056426debf02e03d6cf68a') in 0.028533 seconds 
  Import took 0.033260 seconds .

========================================================================
Received Import Request.
  Time since last request: 0.000361 seconds.
  path: Assets/Toby Fredson/Rocky Hills Environment - Light Pack/Textures/RHEFGenericCliffB_Specular.tif
  artifactKey: Guid(0634f63c7dd36a44eb3e1cf6c017aebe) Importer(815301076,1909f56bfc062723c751e8b465ee728b)
Start importing Assets/Toby Fredson/Rocky Hills Environment - Light Pack/Textures/RHEFGenericCliffB_Specular.tif using Guid(0634f63c7dd36a44eb3e1cf6c017aebe) Importer(815301076,1909f56bfc062723c751e8b465ee728b)  -> (artifact id: 'c4ce2bc40b997f9eb63f363686f2f9d0') in 0.658365 seconds 
  Import took 0.667830 seconds .

========================================================================
Received Import Request.
  Time since last request: 0.000330 seconds.
  path: Assets/Toby Fredson/Rocky Hills Environment - Light Pack/Textures/MRLRockMediumB_DiffueMobile.png
  artifactKey: Guid(cd43c0f6715209f43bb845a9137affa9) Importer(815301076,1909f56bfc062723c751e8b465ee728b)
Start importing Assets/Toby Fredson/Rocky Hills Environment - Light Pack/Textures/MRLRockMediumB_DiffueMobile.png using Guid(cd43c0f6715209f43bb845a9137affa9) Importer(815301076,1909f56bfc062723c751e8b465ee728b)  -> (artifact id: '45f5bc69d44675612bb6564a6660b9ff') in 0.024968 seconds 
  Import took 0.030158 seconds .

========================================================================
Received Import Request.
  Time since last request: 0.000421 seconds.
  path: Assets/Toby Fredson/Rocky Hills Environment - Light Pack/Textures/MRLGenericGrass_Diffuse.png
  artifactKey: Guid(7a65ad496b392f04c930c675e446e935) Importer(815301076,1909f56bfc062723c751e8b465ee728b)
Start importing Assets/Toby Fredson/Rocky Hills Environment - Light Pack/Textures/MRLGenericGrass_Diffuse.png using Guid(7a65ad496b392f04c930c675e446e935) Importer(815301076,1909f56bfc062723c751e8b465ee728b)  -> (artifact id: '024b48e4ee977bc3e93a94cbcf9eaf6a') in 0.036471 seconds 
  Import took 0.041925 seconds .

========================================================================
Received Import Request.
  Time since last request: 0.000649 seconds.
  path: Assets/Toby Fredson/Rocky Hills Environment - Light Pack/Textures/RHEFGenericCliffA_DiffuseMobile.png
  artifactKey: Guid(ff57881ea6654f44c993c9a7385bf1a5) Importer(815301076,1909f56bfc062723c751e8b465ee728b)
Start importing Assets/Toby Fredson/Rocky Hills Environment - Light Pack/Textures/RHEFGenericCliffA_DiffuseMobile.png using Guid(ff57881ea6654f44c993c9a7385bf1a5) Importer(815301076,1909f56bfc062723c751e8b465ee728b)  -> (artifact id: 'f7da4d009af881f91c9c9a1d20ddd96d') in 0.024565 seconds 
  Import took 0.031464 seconds .

========================================================================
Received Import Request.
  Time since last request: 0.000368 seconds.
  path: Assets/Toby Fredson/Rocky Hills Environment - Light Pack/Textures/MRLRockMediumA_Specular.tif
  artifactKey: Guid(322285cb5150a084e95206dd1e33a553) Importer(815301076,1909f56bfc062723c751e8b465ee728b)
Start importing Assets/Toby Fredson/Rocky Hills Environment - Light Pack/Textures/MRLRockMediumA_Specular.tif using Guid(322285cb5150a084e95206dd1e33a553) Importer(815301076,1909f56bfc062723c751e8b465ee728b)  -> (artifact id: 'c8808f1cbfeea874d20d30caf59cffb3') in 0.028250 seconds 
  Import took 0.034389 seconds .

========================================================================
Received Import Request.
  Time since last request: 0.000639 seconds.
  path: Assets/Toby Fredson/Rocky Hills Environment - Light Pack/Textures/RHEFLowRockMedium_DiffuseMobile.png
  artifactKey: Guid(36581f1fe1a1e6e4fa938d117513f987) Importer(815301076,1909f56bfc062723c751e8b465ee728b)
Start importing Assets/Toby Fredson/Rocky Hills Environment - Light Pack/Textures/RHEFLowRockMedium_DiffuseMobile.png using Guid(36581f1fe1a1e6e4fa938d117513f987) Importer(815301076,1909f56bfc062723c751e8b465ee728b)  -> (artifact id: '1bac972e3dd094fa626482a029387263') in 0.024991 seconds 
  Import took 0.030320 seconds .

========================================================================
Received Import Request.
  Time since last request: 0.000373 seconds.
  path: Assets/Toby Fredson/Rocky Hills Environment - Light Pack/Textures/SpruceTrunk_Albedo.png
  artifactKey: Guid(699fd2cba0237e24f8c475f4b3f385f9) Importer(815301076,1909f56bfc062723c751e8b465ee728b)
Start importing Assets/Toby Fredson/Rocky Hills Environment - Light Pack/Textures/SpruceTrunk_Albedo.png using Guid(699fd2cba0237e24f8c475f4b3f385f9) Importer(815301076,1909f56bfc062723c751e8b465ee728b)  -> (artifact id: '15a1dc77a4880ee88dcb5ed8f1fcdb6b') in 0.026127 seconds 
  Import took 0.031037 seconds .

========================================================================
Received Import Request.
  Time since last request: 0.000352 seconds.
  path: Assets/Toby Fredson/Rocky Hills Environment - Light Pack/Textures/RHEFGenericCliffA_AO.png
  artifactKey: Guid(e1c5f84b8c1c2524ba29a80ca07f39c2) Importer(815301076,1909f56bfc062723c751e8b465ee728b)
Start importing Assets/Toby Fredson/Rocky Hills Environment - Light Pack/Textures/RHEFGenericCliffA_AO.png using Guid(e1c5f84b8c1c2524ba29a80ca07f39c2) Importer(815301076,1909f56bfc062723c751e8b465ee728b)  -> (artifact id: '00054db1b0bd454ad38b0328c9b6e74a') in 0.024873 seconds 
  Import took 0.031599 seconds .

========================================================================
Received Import Request.
  Time since last request: 0.000434 seconds.
  path: Assets/Toby Fredson/Rocky Hills Environment - Light Pack/Textures/MRLRockMediumB_Diffuse.png
  artifactKey: Guid(3e95783887475bc478443c161d476639) Importer(815301076,1909f56bfc062723c751e8b465ee728b)
Start importing Assets/Toby Fredson/Rocky Hills Environment - Light Pack/Textures/MRLRockMediumB_Diffuse.png using Guid(3e95783887475bc478443c161d476639) Importer(815301076,1909f56bfc062723c751e8b465ee728b)  -> (artifact id: '8a18cc78c41bf3a0bb5e8299c75edc3c') in 0.037169 seconds 
  Import took 0.043615 seconds .

========================================================================
Received Import Request.
  Time since last request: 0.000741 seconds.
  path: Assets/Toby Fredson/Rocky Hills Environment - Light Pack/Textures/SpruceLeaves_Diffuse.tif
  artifactKey: Guid(ea25fdb9ef5bb3c408d8c4a59a760f6f) Importer(815301076,1909f56bfc062723c751e8b465ee728b)
Start importing Assets/Toby Fredson/Rocky Hills Environment - Light Pack/Textures/SpruceLeaves_Diffuse.tif using Guid(ea25fdb9ef5bb3c408d8c4a59a760f6f) Importer(815301076,1909f56bfc062723c751e8b465ee728b)  -> (artifact id: '26b15e4dbb14a281944ff17c831e1f8d') in 0.041086 seconds 
  Import took 0.049577 seconds .

========================================================================
Received Import Request.
  Time since last request: 0.021593 seconds.
  path: Assets/Toby Fredson/Rocky Hills Environment - Light Pack/Textures/MRLRockMediumA_DiffuseMobile.png
  artifactKey: Guid(417b8b64d99ffa444ab95cdcdb238a72) Importer(815301076,1909f56bfc062723c751e8b465ee728b)
Start importing Assets/Toby Fredson/Rocky Hills Environment - Light Pack/Textures/MRLRockMediumA_DiffuseMobile.png using Guid(417b8b64d99ffa444ab95cdcdb238a72) Importer(815301076,1909f56bfc062723c751e8b465ee728b)  -> (artifact id: '447e836d615ee6bc3ac103bd794470b9') in 0.029981 seconds 
  Import took 0.038963 seconds .

========================================================================
Received Import Request.
  Time since last request: 0.000315 seconds.
  path: Assets/Toby Fredson/Rocky Hills Environment - Light Pack/Textures/RHEFCaveTop_AO.png
  artifactKey: Guid(184a7985456dc5a40bb2dfebc58d9ea6) Importer(815301076,1909f56bfc062723c751e8b465ee728b)
Start importing Assets/Toby Fredson/Rocky Hills Environment - Light Pack/Textures/RHEFCaveTop_AO.png using Guid(184a7985456dc5a40bb2dfebc58d9ea6) Importer(815301076,1909f56bfc062723c751e8b465ee728b)  -> (artifact id: '6bdd4fae911730933ffff4b332426594') in 0.031631 seconds 
  Import took 0.036989 seconds .

========================================================================
Received Import Request.
  Time since last request: 0.000345 seconds.
  path: Assets/Toby Fredson/Rocky Hills Environment - Light Pack/Textures/RHEFCaveTop_Specular.tif
  artifactKey: Guid(88ef541e3a436c249965bdd21bc81c36) Importer(815301076,1909f56bfc062723c751e8b465ee728b)
Start importing Assets/Toby Fredson/Rocky Hills Environment - Light Pack/Textures/RHEFCaveTop_Specular.tif using Guid(88ef541e3a436c249965bdd21bc81c36) Importer(815301076,1909f56bfc062723c751e8b465ee728b)  -> (artifact id: '252171fea4862453b21a840611efffe6') in 0.149806 seconds 
  Import took 0.155426 seconds .

========================================================================
Received Import Request.
  Time since last request: 0.000713 seconds.
  path: Assets/Toby Fredson/Rocky Hills Environment - Light Pack/Textures/MRLRockMediumAO.png
  artifactKey: Guid(c52a51cae2999eb4db1bb71f3ff30ced) Importer(815301076,1909f56bfc062723c751e8b465ee728b)
Start importing Assets/Toby Fredson/Rocky Hills Environment - Light Pack/Textures/MRLRockMediumAO.png using Guid(c52a51cae2999eb4db1bb71f3ff30ced) Importer(815301076,1909f56bfc062723c751e8b465ee728b)  -> (artifact id: '62f4bc4275f30a34ac27c92cdf52448a') in 0.023733 seconds 
  Import took 0.031073 seconds .

========================================================================
Received Import Request.
  Time since last request: 0.000361 seconds.
  path: Assets/Toby Fredson/Rocky Hills Environment - Light Pack/Textures/RHEFGenericCliffB_AO.png
  artifactKey: Guid(b756c4a84cfc55f438d2947a2a75088c) Importer(815301076,1909f56bfc062723c751e8b465ee728b)
Start importing Assets/Toby Fredson/Rocky Hills Environment - Light Pack/Textures/RHEFGenericCliffB_AO.png using Guid(b756c4a84cfc55f438d2947a2a75088c) Importer(815301076,1909f56bfc062723c751e8b465ee728b)  -> (artifact id: '83dad5c75204ff7b8f2a61e97daeedd6') in 0.031749 seconds 
  Import took 0.041772 seconds .

========================================================================
Received Import Request.
  Time since last request: 0.000335 seconds.
  path: Assets/Toby Fredson/Rocky Hills Environment - Light Pack/Textures/SpruceTrunk_AO.png
  artifactKey: Guid(295235c55a4af274fa927c1ad30efc83) Importer(815301076,1909f56bfc062723c751e8b465ee728b)
Start importing Assets/Toby Fredson/Rocky Hills Environment - Light Pack/Textures/SpruceTrunk_AO.png using Guid(295235c55a4af274fa927c1ad30efc83) Importer(815301076,1909f56bfc062723c751e8b465ee728b)  -> (artifact id: 'f0bcd3526ba3d669a94066a70e743db4') in 0.048699 seconds 
  Import took 0.055070 seconds .

========================================================================
Received Import Request.
  Time since last request: 0.000378 seconds.
  path: Assets/Toby Fredson/Rocky Hills Environment - Light Pack/Textures/MRLFGenericRockGrass_Hight.tif
  artifactKey: Guid(ace68ecd427fd794f9857b3d39e5ebea) Importer(815301076,1909f56bfc062723c751e8b465ee728b)
Start importing Assets/Toby Fredson/Rocky Hills Environment - Light Pack/Textures/MRLFGenericRockGrass_Hight.tif using Guid(ace68ecd427fd794f9857b3d39e5ebea) Importer(815301076,1909f56bfc062723c751e8b465ee728b)  -> (artifact id: 'e482e8feee96db6bd7955ef74dc63dee') in 0.032590 seconds 
  Import took 0.040784 seconds .

========================================================================
Received Import Request.
  Time since last request: 0.000381 seconds.
  path: Assets/Toby Fredson/Rocky Hills Environment - Light Pack/Textures/RHEFCave_Albedo.png
  artifactKey: Guid(589955eae394ba440974cdd920d45700) Importer(815301076,1909f56bfc062723c751e8b465ee728b)
Start importing Assets/Toby Fredson/Rocky Hills Environment - Light Pack/Textures/RHEFCave_Albedo.png using Guid(589955eae394ba440974cdd920d45700) Importer(815301076,1909f56bfc062723c751e8b465ee728b)  -> (artifact id: '2c43ab2e63bc3288b13796b4448875fc') in 0.042743 seconds 
  Import took 0.050298 seconds .

========================================================================
Received Import Request.
  Time since last request: 0.000765 seconds.
  path: Assets/Toby Fredson/Rocky Hills Environment - Light Pack/Textures/MRLRockMediumB_Specular.tif
  artifactKey: Guid(c7670c7503811c543b650293f96c757f) Importer(815301076,1909f56bfc062723c751e8b465ee728b)
Start importing Assets/Toby Fredson/Rocky Hills Environment - Light Pack/Textures/MRLRockMediumB_Specular.tif using Guid(c7670c7503811c543b650293f96c757f) Importer(815301076,1909f56bfc062723c751e8b465ee728b)  -> (artifact id: '128ff7b00a22dd1bb805566ab1822341') in 0.047787 seconds 
  Import took 0.056541 seconds .

========================================================================
Received Import Request.
  Time since last request: 0.002549 seconds.
  path: Assets/Toby Fredson/Rocky Hills Environment - Light Pack/Textures/RHEFCave_Specular.tif
  artifactKey: Guid(eb687a1778c19d945a40c5816272c1b0) Importer(815301076,1909f56bfc062723c751e8b465ee728b)
Start importing Assets/Toby Fredson/Rocky Hills Environment - Light Pack/Textures/RHEFCave_Specular.tif using Guid(eb687a1778c19d945a40c5816272c1b0) Importer(815301076,1909f56bfc062723c751e8b465ee728b)  -> (artifact id: '642427f035415f2f3f103e470b3728d3') in 0.034964 seconds 
  Import took 0.041854 seconds .

========================================================================
Received Import Request.
  Time since last request: 0.000149 seconds.
  path: Assets/Toby Fredson/Rocky Hills Environment - Light Pack/Textures/RHEFGenericCliffA_Diffuse.png
  artifactKey: Guid(699bfecaedac4ab4ba55c4592f9aee80) Importer(815301076,1909f56bfc062723c751e8b465ee728b)
Start importing Assets/Toby Fredson/Rocky Hills Environment - Light Pack/Textures/RHEFGenericCliffA_Diffuse.png using Guid(699bfecaedac4ab4ba55c4592f9aee80) Importer(815301076,1909f56bfc062723c751e8b465ee728b)  -> (artifact id: '4b5d75627ebbbe131ce23ba8e2256ccb') in 0.048658 seconds 
  Import took 0.055484 seconds .

========================================================================
Received Import Request.
  Time since last request: 0.000430 seconds.
  path: Assets/Toby Fredson/Rocky Hills Environment - Light Pack/Textures/RHEFLowRockMedium_AO.png
  artifactKey: Guid(49da2760a267e734ea4916d23933b886) Importer(815301076,1909f56bfc062723c751e8b465ee728b)
Start importing Assets/Toby Fredson/Rocky Hills Environment - Light Pack/Textures/RHEFLowRockMedium_AO.png using Guid(49da2760a267e734ea4916d23933b886) Importer(815301076,1909f56bfc062723c751e8b465ee728b)  -> (artifact id: 'd6909988e6acc9d26a8474609cd9f311') in 0.024347 seconds 
  Import took 0.030733 seconds .

========================================================================
Received Import Request.
  Time since last request: 0.000738 seconds.
  path: Assets/Toby Fredson/Rocky Hills Environment - Light Pack/Textures/RHEFRockDetails_AO.png
  artifactKey: Guid(a25ae3da80ed0ad4899a1ba747cf87f9) Importer(815301076,1909f56bfc062723c751e8b465ee728b)
Start importing Assets/Toby Fredson/Rocky Hills Environment - Light Pack/Textures/RHEFRockDetails_AO.png using Guid(a25ae3da80ed0ad4899a1ba747cf87f9) Importer(815301076,1909f56bfc062723c751e8b465ee728b)  -> (artifact id: '5603ed53906a89f1de1e0f6b604ea7db') in 0.020468 seconds 
  Import took 0.027869 seconds .

========================================================================
Received Import Request.
  Time since last request: 0.000454 seconds.
  path: Assets/Toby Fredson/Rocky Hills Environment - Light Pack/Textures/RHEFRockMediumC_AO.png
  artifactKey: Guid(a3835049db2b89742beda3790ef0189c) Importer(815301076,1909f56bfc062723c751e8b465ee728b)
Start importing Assets/Toby Fredson/Rocky Hills Environment - Light Pack/Textures/RHEFRockMediumC_AO.png using Guid(a3835049db2b89742beda3790ef0189c) Importer(815301076,1909f56bfc062723c751e8b465ee728b)  -> (artifact id: 'ac27d05b0eed2a29cd136070d55f6e35') in 0.024914 seconds 
  Import took 0.030493 seconds .

========================================================================
Received Import Request.
  Time since last request: 0.000629 seconds.
  path: Assets/Toby Fredson/Rocky Hills Environment - Light Pack/Textures/SpruceTrunk_Diffuse.png
  artifactKey: Guid(8e31fbe55c8ce8e4582bda011296cdab) Importer(815301076,1909f56bfc062723c751e8b465ee728b)
Start importing Assets/Toby Fredson/Rocky Hills Environment - Light Pack/Textures/SpruceTrunk_Diffuse.png using Guid(8e31fbe55c8ce8e4582bda011296cdab) Importer(815301076,1909f56bfc062723c751e8b465ee728b)  -> (artifact id: '13cb57592ee9f2605f67c823dd1ebe0e') in 0.017293 seconds 
  Import took 0.024012 seconds .

========================================================================
Received Import Request.
  Time since last request: 0.000571 seconds.
  path: Assets/Toby Fredson/Rocky Hills Environment - Light Pack/Textures/MRLRockMediumA_Diffuse.png
  artifactKey: Guid(617b2ab5df4a8b94c950523d8cc95412) Importer(815301076,1909f56bfc062723c751e8b465ee728b)
Start importing Assets/Toby Fredson/Rocky Hills Environment - Light Pack/Textures/MRLRockMediumA_Diffuse.png using Guid(617b2ab5df4a8b94c950523d8cc95412) Importer(815301076,1909f56bfc062723c751e8b465ee728b)  -> (artifact id: '640a30de98126114613d4d27b59c3579') in 0.016137 seconds 
  Import took 0.021587 seconds .

========================================================================
Received Import Request.
  Time since last request: 0.000552 seconds.
  path: Assets/Toby Fredson/Rocky Hills Environment - Light Pack/Textures/MRLRockMediumB_AO.png
  artifactKey: Guid(b3b9ae7d4d03f6e49a56ea879899049e) Importer(815301076,1909f56bfc062723c751e8b465ee728b)
Start importing Assets/Toby Fredson/Rocky Hills Environment - Light Pack/Textures/MRLRockMediumB_AO.png using Guid(b3b9ae7d4d03f6e49a56ea879899049e) Importer(815301076,1909f56bfc062723c751e8b465ee728b)  -> (artifact id: 'd1b519827ca7a1bd2ad04c96aaefc1eb') in 0.022706 seconds 
  Import took 0.029484 seconds .

========================================================================
Received Import Request.
  Time since last request: 0.000335 seconds.
  path: Assets/Toby Fredson/Rocky Hills Environment - Light Pack/Textures/MRLFGenericRockGrass_Specular.tif
  artifactKey: Guid(a0131355e59940844b7110d704f71fe5) Importer(815301076,1909f56bfc062723c751e8b465ee728b)
Start importing Assets/Toby Fredson/Rocky Hills Environment - Light Pack/Textures/MRLFGenericRockGrass_Specular.tif using Guid(a0131355e59940844b7110d704f71fe5) Importer(815301076,1909f56bfc062723c751e8b465ee728b)  -> (artifact id: '0c1c2ff85cf902ca3a91444e969c1c6c') in 0.032823 seconds 
  Import took 0.038528 seconds .

========================================================================
Received Import Request.
  Time since last request: 0.000506 seconds.
  path: Assets/Toby Fredson/Rocky Hills Environment - Light Pack/Textures/MRLFGenericRockGrass_AlbedoB.png
  artifactKey: Guid(324f22d2aab571f40aa1b1af7d698606) Importer(815301076,1909f56bfc062723c751e8b465ee728b)
Start importing Assets/Toby Fredson/Rocky Hills Environment - Light Pack/Textures/MRLFGenericRockGrass_AlbedoB.png using Guid(324f22d2aab571f40aa1b1af7d698606) Importer(815301076,1909f56bfc062723c751e8b465ee728b)  -> (artifact id: 'edde0880c8986ca37b054448caaa0374') in 0.022605 seconds 
  Import took 0.027669 seconds .

========================================================================
Received Import Request.
  Time since last request: 0.000348 seconds.
  path: Assets/Toby Fredson/Rocky Hills Environment - Light Pack/Textures/RHEFGenericCliffA_Specular.tif
  artifactKey: Guid(2c802448d2858ff49b53bdbf08e114f1) Importer(815301076,1909f56bfc062723c751e8b465ee728b)
Start importing Assets/Toby Fredson/Rocky Hills Environment - Light Pack/Textures/RHEFGenericCliffA_Specular.tif using Guid(2c802448d2858ff49b53bdbf08e114f1) Importer(815301076,1909f56bfc062723c751e8b465ee728b)  -> (artifact id: '7e8a7fc6f76002c4ea206c238b5326a3') in 0.031210 seconds 
  Import took 0.035491 seconds .

========================================================================
Received Import Request.
  Time since last request: 0.000303 seconds.
  path: Assets/Toby Fredson/Rocky Hills Environment - Light Pack/Textures/RHEFRockDetails_Specular.tif
  artifactKey: Guid(cee593f0c582b3e47968ede5871af963) Importer(815301076,1909f56bfc062723c751e8b465ee728b)
Start importing Assets/Toby Fredson/Rocky Hills Environment - Light Pack/Textures/RHEFRockDetails_Specular.tif using Guid(cee593f0c582b3e47968ede5871af963) Importer(815301076,1909f56bfc062723c751e8b465ee728b)  -> (artifact id: 'e0a9cb32fa5648ae8163b9fa8fbcac1c') in 0.030916 seconds 
  Import took 0.035591 seconds .

========================================================================
Received Import Request.
  Time since last request: 0.000318 seconds.
  path: Assets/Toby Fredson/Rocky Hills Environment - Light Pack/Textures/RHEFGenericCliffB_Diffuse.png
  artifactKey: Guid(4066853556797034ca6fcc214c3cec95) Importer(815301076,1909f56bfc062723c751e8b465ee728b)
Start importing Assets/Toby Fredson/Rocky Hills Environment - Light Pack/Textures/RHEFGenericCliffB_Diffuse.png using Guid(4066853556797034ca6fcc214c3cec95) Importer(815301076,1909f56bfc062723c751e8b465ee728b)  -> (artifact id: 'e1d39eb8ec1b569f371cb4528ef1278d') in 0.026713 seconds 
  Import took 0.031906 seconds .

========================================================================
Received Import Request.
  Time since last request: 0.000458 seconds.
  path: Assets/Toby Fredson/Rocky Hills Environment - Light Pack/Textures/MRLFGenericRockGrass_Diffuse.png
  artifactKey: Guid(4e378473470043248af9eee2da286ac1) Importer(815301076,1909f56bfc062723c751e8b465ee728b)
Start importing Assets/Toby Fredson/Rocky Hills Environment - Light Pack/Textures/MRLFGenericRockGrass_Diffuse.png using Guid(4e378473470043248af9eee2da286ac1) Importer(815301076,1909f56bfc062723c751e8b465ee728b)  -> (artifact id: '3ce29a839e458878e16a76044c5dfb81') in 0.021709 seconds 
  Import took 0.028275 seconds .

========================================================================
Received Import Request.
  Time since last request: 0.000745 seconds.
  path: Assets/Toby Fredson/Rocky Hills Environment - Light Pack/Textures/RHEFLowRockMedium_Specular.tif
  artifactKey: Guid(02cf7a0df64665741b74393d9dbe2391) Importer(815301076,1909f56bfc062723c751e8b465ee728b)
Start importing Assets/Toby Fredson/Rocky Hills Environment - Light Pack/Textures/RHEFLowRockMedium_Specular.tif using Guid(02cf7a0df64665741b74393d9dbe2391) Importer(815301076,1909f56bfc062723c751e8b465ee728b)  -> (artifact id: '76a3e879105756f98e6c2079f224e582') in 0.046070 seconds 
  Import took 0.051016 seconds .

========================================================================
Received Import Request.
  Time since last request: 0.000456 seconds.
  path: Assets/Toby Fredson/Rocky Hills Environment - Light Pack/Textures/MRLFGenericRockGrass_AO.png
  artifactKey: Guid(98f193f3cc2292b47a767ad077e64146) Importer(815301076,1909f56bfc062723c751e8b465ee728b)
Start importing Assets/Toby Fredson/Rocky Hills Environment - Light Pack/Textures/MRLFGenericRockGrass_AO.png using Guid(98f193f3cc2292b47a767ad077e64146) Importer(815301076,1909f56bfc062723c751e8b465ee728b)  -> (artifact id: 'bafe4e1b213f8f87b32d3ffa9d5568fe') in 0.026819 seconds 
  Import took 0.032953 seconds .

========================================================================
Received Import Request.
  Time since last request: 0.001255 seconds.
  path: Assets/Toby Fredson/Rocky Hills Environment - Light Pack/Textures/MRLGenericGrass_AO.png
  artifactKey: Guid(9450953e9d36e2e469934613fd6893cd) Importer(815301076,1909f56bfc062723c751e8b465ee728b)
Start importing Assets/Toby Fredson/Rocky Hills Environment - Light Pack/Textures/MRLGenericGrass_AO.png using Guid(9450953e9d36e2e469934613fd6893cd) Importer(815301076,1909f56bfc062723c751e8b465ee728b)  -> (artifact id: '506cf4e7bb38c9546706bb241038cf7d') in 0.023817 seconds 
  Import took 0.030760 seconds .

========================================================================
Received Import Request.
  Time since last request: 0.000413 seconds.
  path: Assets/Toby Fredson/Rocky Hills Environment - Light Pack/Textures/RHEFCave_Diffuse.png
  artifactKey: Guid(3deed20a70d7cb94fb39b9e13d57f613) Importer(815301076,1909f56bfc062723c751e8b465ee728b)
Start importing Assets/Toby Fredson/Rocky Hills Environment - Light Pack/Textures/RHEFCave_Diffuse.png using Guid(3deed20a70d7cb94fb39b9e13d57f613) Importer(815301076,1909f56bfc062723c751e8b465ee728b)  -> (artifact id: '735bc808790073b62fe3e6c6194f161e') in 0.024613 seconds 
  Import took 0.029740 seconds .

========================================================================
Received Import Request.
  Time since last request: 0.000323 seconds.
  path: Assets/Toby Fredson/Rocky Hills Environment - Light Pack/Textures/RHEFRockMediumC_Specular.tif
  artifactKey: Guid(5cf822336ca1ebd4cbb6c2afc6df479a) Importer(815301076,1909f56bfc062723c751e8b465ee728b)
Start importing Assets/Toby Fredson/Rocky Hills Environment - Light Pack/Textures/RHEFRockMediumC_Specular.tif using Guid(5cf822336ca1ebd4cbb6c2afc6df479a) Importer(815301076,1909f56bfc062723c751e8b465ee728b)  -> (artifact id: '2a80ff71dd4a619be2cf2c734da205b8') in 0.033432 seconds 
  Import took 0.037576 seconds .

========================================================================
Received Import Request.
  Time since last request: 0.000411 seconds.
  path: Assets/Toby Fredson/Rocky Hills Environment - Light Pack/Textures/RHEFLowRockMedium_Diffuse.png
  artifactKey: Guid(31bebcdcc51e9654a9a4ce9e33f56d07) Importer(815301076,1909f56bfc062723c751e8b465ee728b)
Start importing Assets/Toby Fredson/Rocky Hills Environment - Light Pack/Textures/RHEFLowRockMedium_Diffuse.png using Guid(31bebcdcc51e9654a9a4ce9e33f56d07) Importer(815301076,1909f56bfc062723c751e8b465ee728b)  -> (artifact id: '34698cec47eb495e27e3c709a7abb017') in 0.025990 seconds 
  Import took 0.030219 seconds .

========================================================================
Received Import Request.
  Time since last request: 869.153047 seconds.
  path: Assets
  artifactKey: Guid(00000000000000001000000000000000) Importer(815301076,1909f56bfc062723c751e8b465ee728b)
Start importing Assets using Guid(00000000000000001000000000000000) Importer(815301076,1909f56bfc062723c751e8b465ee728b)  -> (artifact id: '42d402b061de3733987d63b9cc3b64de') in 0.009217 seconds 
  Import took 0.045539 seconds .

========================================================================
Received Import Request.
  Time since last request: 4.029836 seconds.
  path: Assets/viking/UI
  artifactKey: Guid(e7ef98b69e6247d4982bb2965c552be9) Importer(815301076,1909f56bfc062723c751e8b465ee728b)
Start importing Assets/viking/UI using Guid(e7ef98b69e6247d4982bb2965c552be9) Importer(815301076,1909f56bfc062723c751e8b465ee728b)  -> (artifact id: '07d541acf6512a741360f29cf6de960e') in 0.003109 seconds 
  Import took 0.009466 seconds .

========================================================================
Received Prepare
Registering precompiled user dll's ...
Registered in 0.017360 seconds.
Begin MonoManager ReloadAssembly
Native extension for OSXStandalone target not found
Refreshing native plugins compatible for Editor in 1.83 ms, found 2 plugins.
Preloading 0 native plugins for Editor in 0.00 ms.
Mono: successfully reloaded assembly
- Completed reload, in  5.444 seconds
Domain Reload Profiling:
	ReloadAssembly (5447ms)
		BeginReloadAssembly (371ms)
			ExecutionOrderSort (0ms)
			DisableScriptedObjects (25ms)
			BackupInstance (0ms)
			ReleaseScriptingObjects (0ms)
			CreateAndSetChildDomain (207ms)
		EndReloadAssembly (4907ms)
			LoadAssemblies (208ms)
			RebuildTransferFunctionScriptingTraits (0ms)
			SetupTypeCache (1673ms)
			ReleaseScriptCaches (2ms)
			RebuildScriptCaches (385ms)
			SetupLoadedEditorAssemblies (1806ms)
				LogAssemblyErrors (0ms)
				InitializePlatformSupportModulesInManaged (71ms)
				SetLoadedEditorAssemblies (2ms)
				RefreshPlugins (2ms)
				BeforeProcessingInitializeOnLoad (1060ms)
				ProcessInitializeOnLoadAttributes (641ms)
				ProcessInitializeOnLoadMethodAttributes (27ms)
				AfterProcessingInitializeOnLoad (2ms)
				EditorAssembliesLoaded (0ms)
			ExecutionOrderSort2 (0ms)
			AwakeInstancesAfterBackupRestoration (16ms)
Platform modules already initialized, skipping
Refreshing native plugins compatible for Editor in 0.68 ms, found 2 plugins.
Preloading 0 native plugins for Editor in 0.00 ms.
Unloading 1501 Unused Serialized files (Serialized files now loaded: 0)
System memory in use before: 207.0 MB.
System memory in use after: 207.1 MB.

Unloading 15 unused Assets to reduce memory usage. Loaded Objects now: 2030.
Total: 6.604044 ms (FindLiveObjects: 0.686906 ms CreateObjectMapping: 0.144624 ms MarkObjects: 5.714188 ms  DeleteObjects: 0.055954 ms)

AssetImportParameters requested are different than current active one (requested -> active):
  custom:video-decoder-ogg-theora: a1e56fd34408186e4bbccfd4996cb3dc -> 
  custom:container-muxer-webm: aa71ff27fc2769a1b78a27578f13a17b -> 
  custom:container-demuxer-webm: 4f35f7cbe854078d1ac9338744f61a02 -> 
  custom:container-demuxer-ogg: 62fdf1f143b41e24485cea50d1cbac27 -> 
  custom:video-encoder-webm-vp8: eb34c28f22e8b96e1ab97ce403110664 -> 
  custom:framework-osx-AVFoundation: b23960f63f64bdc6ff669e2cdcee2391 -> 
  custom:video-decoder-webm-vp8: 9c59270c3fd7afecdb556c50c9e8de78 -> 
  custom:audio-decoder-ogg-vorbis: bf7c407c2cedff20999df2af8eb42d56 -> 
  custom:audio-encoder-webm-vorbis: bf7c407c2cedff20999df2af8eb42d56 -> 
========================================================================
Received Import Request.
  Time since last request: 896.715689 seconds.
  path: Assets/TextMesh Pro/Fonts/LiberationSans.ttf
  artifactKey: Guid(e3265ab4bf004d28a9537516768c1c75) Importer(815301076,1909f56bfc062723c751e8b465ee728b)
Start importing Assets/TextMesh Pro/Fonts/LiberationSans.ttf using Guid(e3265ab4bf004d28a9537516768c1c75) Importer(815301076,1909f56bfc062723c751e8b465ee728b)  -> (artifact id: 'a31d09850e079c4c77073532874e4c7b') in 1.042901 seconds 
  Import took 1.083573 seconds .

========================================================================
Received Import Request.
  Time since last request: 0.000357 seconds.
  path: Assets/Materials/leafs.mat
  artifactKey: Guid(7c01593c5d37ef04ab1b92759468326e) Importer(815301076,1909f56bfc062723c751e8b465ee728b)
Start importing Assets/Materials/leafs.mat using Guid(7c01593c5d37ef04ab1b92759468326e) Importer(815301076,1909f56bfc062723c751e8b465ee728b)  -> (artifact id: '07c0a6bbd9a0b89ff3e7accae93f9af8') in 0.525304 seconds 
  Import took 0.533755 seconds .

========================================================================
Received Import Request.
  Time since last request: 0.000342 seconds.
  path: Assets/TextMesh Pro/Resources/Fonts & Materials/LiberationSans SDF - Outline.mat
  artifactKey: Guid(79459efec17a4d00a321bdcc27bbc385) Importer(815301076,1909f56bfc062723c751e8b465ee728b)
Start importing Assets/TextMesh Pro/Resources/Fonts & Materials/LiberationSans SDF - Outline.mat using Guid(79459efec17a4d00a321bdcc27bbc385) Importer(815301076,1909f56bfc062723c751e8b465ee728b)  -> (artifact id: '289988fcecf3b00d1602f8d2b589f7dd') in 0.378905 seconds 
  Import took 0.385671 seconds .

========================================================================
Received Import Request.
  Time since last request: 0.000381 seconds.
  path: Assets/TextMesh Pro/Resources/Fonts & Materials/LiberationSans SDF - Fallback.asset
  artifactKey: Guid(2e498d1c8094910479dc3e1b768306a4) Importer(815301076,1909f56bfc062723c751e8b465ee728b)
Start importing Assets/TextMesh Pro/Resources/Fonts & Materials/LiberationSans SDF - Fallback.asset using Guid(2e498d1c8094910479dc3e1b768306a4) Importer(815301076,1909f56bfc062723c751e8b465ee728b)  -> (artifact id: 'b8c2210586957436df79bf961aeff06e') in 0.523205 seconds 
  Import took 0.533814 seconds .

========================================================================
Received Import Request.
  Time since last request: 0.000328 seconds.
  path: Assets/TextMesh Pro/Resources/Fonts & Materials/LiberationSans SDF - Drop Shadow.mat
  artifactKey: Guid(e73a58f6e2794ae7b1b7e50b7fb811b0) Importer(815301076,1909f56bfc062723c751e8b465ee728b)
Start importing Assets/TextMesh Pro/Resources/Fonts & Materials/LiberationSans SDF - Drop Shadow.mat using Guid(e73a58f6e2794ae7b1b7e50b7fb811b0) Importer(815301076,1909f56bfc062723c751e8b465ee728b)  -> (artifact id: 'ca0d2861f60500f05bd29199894f7bb5') in 0.250783 seconds 
  Import took 0.254909 seconds .

========================================================================
Received Import Request.
  Time since last request: 0.000354 seconds.
  path: Assets/TextMesh Pro/Resources/Fonts & Materials/LiberationSans SDF.asset
  artifactKey: Guid(8f586378b4e144a9851e7b34d9b748ee) Importer(815301076,1909f56bfc062723c751e8b465ee728b)
Start importing Assets/TextMesh Pro/Resources/Fonts & Materials/LiberationSans SDF.asset using Guid(8f586378b4e144a9851e7b34d9b748ee) Importer(815301076,1909f56bfc062723c751e8b465ee728b)  -> (artifact id: 'f1280cc7be10b532b2897fc8654f95d3') in 0.130239 seconds 
  Import took 0.134797 seconds .

========================================================================
Received Prepare
Registering precompiled user dll's ...
Registered in 0.005275 seconds.
Begin MonoManager ReloadAssembly
Native extension for OSXStandalone target not found
Refreshing native plugins compatible for Editor in 0.70 ms, found 2 plugins.
Preloading 0 native plugins for Editor in 0.00 ms.
Mono: successfully reloaded assembly
- Completed reload, in  2.140 seconds
Domain Reload Profiling:
	ReloadAssembly (2169ms)
		BeginReloadAssembly (453ms)
			ExecutionOrderSort (0ms)
			DisableScriptedObjects (20ms)
			BackupInstance (0ms)
			ReleaseScriptingObjects (0ms)
			CreateAndSetChildDomain (260ms)
		EndReloadAssembly (1589ms)
			LoadAssemblies (168ms)
			RebuildTransferFunctionScriptingTraits (0ms)
			SetupTypeCache (606ms)
			ReleaseScriptCaches (1ms)
			RebuildScriptCaches (85ms)
			SetupLoadedEditorAssemblies (531ms)
				LogAssemblyErrors (0ms)
				InitializePlatformSupportModulesInManaged (7ms)
				SetLoadedEditorAssemblies (1ms)
				RefreshPlugins (1ms)
				BeforeProcessingInitializeOnLoad (168ms)
				ProcessInitializeOnLoadAttributes (338ms)
				ProcessInitializeOnLoadMethodAttributes (13ms)
				AfterProcessingInitializeOnLoad (2ms)
				EditorAssembliesLoaded (0ms)
			ExecutionOrderSort2 (0ms)
			AwakeInstancesAfterBackupRestoration (14ms)
Platform modules already initialized, skipping
Refreshing native plugins compatible for Editor in 0.56 ms, found 2 plugins.
Preloading 0 native plugins for Editor in 0.00 ms.
Unloading 1515 Unused Serialized files (Serialized files now loaded: 0)
System memory in use before: 222.5 MB.
System memory in use after: 222.0 MB.

Unloading 26 unused Assets to reduce memory usage. Loaded Objects now: 2077.
Total: 4.120795 ms (FindLiveObjects: 0.276378 ms CreateObjectMapping: 0.065650 ms MarkObjects: 3.247848 ms  DeleteObjects: 0.529675 ms)

AssetImportParameters requested are different than current active one (requested -> active):
  custom:video-decoder-ogg-theora: a1e56fd34408186e4bbccfd4996cb3dc -> 
  custom:container-muxer-webm: aa71ff27fc2769a1b78a27578f13a17b -> 
  custom:container-demuxer-webm: 4f35f7cbe854078d1ac9338744f61a02 -> 
  custom:container-demuxer-ogg: 62fdf1f143b41e24485cea50d1cbac27 -> 
  custom:video-encoder-webm-vp8: eb34c28f22e8b96e1ab97ce403110664 -> 
  custom:framework-osx-AVFoundation: b23960f63f64bdc6ff669e2cdcee2391 -> 
  custom:video-decoder-webm-vp8: 9c59270c3fd7afecdb556c50c9e8de78 -> 
  custom:audio-decoder-ogg-vorbis: bf7c407c2cedff20999df2af8eb42d56 -> 
  custom:audio-encoder-webm-vorbis: bf7c407c2cedff20999df2af8eb42d56 -> 
========================================================================
Received Prepare
Registering precompiled user dll's ...
Registered in 0.006584 seconds.
Begin MonoManager ReloadAssembly
Native extension for OSXStandalone target not found
Refreshing native plugins compatible for Editor in 0.73 ms, found 2 plugins.
Preloading 0 native plugins for Editor in 0.00 ms.
Mono: successfully reloaded assembly
- Completed reload, in  2.080 seconds
Domain Reload Profiling:
	ReloadAssembly (2080ms)
		BeginReloadAssembly (238ms)
			ExecutionOrderSort (0ms)
			DisableScriptedObjects (8ms)
			BackupInstance (0ms)
			ReleaseScriptingObjects (0ms)
			CreateAndSetChildDomain (118ms)
		EndReloadAssembly (1662ms)
			LoadAssemblies (157ms)
			RebuildTransferFunctionScriptingTraits (0ms)
			SetupTypeCache (669ms)
			ReleaseScriptCaches (1ms)
			RebuildScriptCaches (94ms)
			SetupLoadedEditorAssemblies (543ms)
				LogAssemblyErrors (0ms)
				InitializePlatformSupportModulesInManaged (8ms)
				SetLoadedEditorAssemblies (1ms)
				RefreshPlugins (1ms)
				BeforeProcessingInitializeOnLoad (178ms)
				ProcessInitializeOnLoadAttributes (333ms)
				ProcessInitializeOnLoadMethodAttributes (20ms)
				AfterProcessingInitializeOnLoad (2ms)
				EditorAssembliesLoaded (0ms)
			ExecutionOrderSort2 (0ms)
			AwakeInstancesAfterBackupRestoration (12ms)
Platform modules already initialized, skipping
Refreshing native plugins compatible for Editor in 0.94 ms, found 2 plugins.
Preloading 0 native plugins for Editor in 0.00 ms.
Unloading 1514 Unused Serialized files (Serialized files now loaded: 0)
System memory in use before: 222.6 MB.
System memory in use after: 222.1 MB.

Unloading 26 unused Assets to reduce memory usage. Loaded Objects now: 2079.
Total: 3.720534 ms (FindLiveObjects: 0.211906 ms CreateObjectMapping: 0.057783 ms MarkObjects: 3.051575 ms  DeleteObjects: 0.397990 ms)

AssetImportParameters requested are different than current active one (requested -> active):
  custom:video-decoder-ogg-theora: a1e56fd34408186e4bbccfd4996cb3dc -> 
  custom:container-muxer-webm: aa71ff27fc2769a1b78a27578f13a17b -> 
  custom:container-demuxer-webm: 4f35f7cbe854078d1ac9338744f61a02 -> 
  custom:container-demuxer-ogg: 62fdf1f143b41e24485cea50d1cbac27 -> 
  custom:video-encoder-webm-vp8: eb34c28f22e8b96e1ab97ce403110664 -> 
  custom:framework-osx-AVFoundation: b23960f63f64bdc6ff669e2cdcee2391 -> 
  custom:video-decoder-webm-vp8: 9c59270c3fd7afecdb556c50c9e8de78 -> 
  custom:audio-decoder-ogg-vorbis: bf7c407c2cedff20999df2af8eb42d56 -> 
  custom:audio-encoder-webm-vorbis: bf7c407c2cedff20999df2af8eb42d56 -> 
========================================================================
Received Import Request.
  Time since last request: 4325.416547 seconds.
  path: Assets/Rocks and Boulders 2
  artifactKey: Guid(3e8525af610294fbf88f13c94ba6b1c0) Importer(815301076,1909f56bfc062723c751e8b465ee728b)
Start importing Assets/Rocks and Boulders 2 using Guid(3e8525af610294fbf88f13c94ba6b1c0) Importer(815301076,1909f56bfc062723c751e8b465ee728b)  -> (artifact id: '3e61f6ab3f3b6ce20835d6872e9fadee') in 0.008264 seconds 
  Import took 0.014808 seconds .

========================================================================
Received Import Request.
  Time since last request: 63.572310 seconds.
  path: Assets/Scripts/MainMenu.cs
  artifactKey: Guid(51b0eb2c982a845cdb74c64b4c96d975) Importer(815301076,1909f56bfc062723c751e8b465ee728b)
Start importing Assets/Scripts/MainMenu.cs using Guid(51b0eb2c982a845cdb74c64b4c96d975) Importer(815301076,1909f56bfc062723c751e8b465ee728b)  -> (artifact id: '9400fbc6b938df392474213876a06475') in 0.565879 seconds 
  Import took 0.580744 seconds .

========================================================================
Received Prepare
Registering precompiled user dll's ...
Registered in 0.007004 seconds.
Begin MonoManager ReloadAssembly
Native extension for OSXStandalone target not found
Refreshing native plugins compatible for Editor in 1.71 ms, found 2 plugins.
Preloading 0 native plugins for Editor in 0.00 ms.
Mono: successfully reloaded assembly
- Completed reload, in  2.538 seconds
Domain Reload Profiling:
	ReloadAssembly (2551ms)
		BeginReloadAssembly (489ms)
			ExecutionOrderSort (0ms)
			DisableScriptedObjects (41ms)
			BackupInstance (0ms)
			ReleaseScriptingObjects (2ms)
			CreateAndSetChildDomain (253ms)
		EndReloadAssembly (1877ms)
			LoadAssemblies (227ms)
			RebuildTransferFunctionScriptingTraits (0ms)
			SetupTypeCache (702ms)
			ReleaseScriptCaches (4ms)
			RebuildScriptCaches (105ms)
			SetupLoadedEditorAssemblies (621ms)
				LogAssemblyErrors (0ms)
				InitializePlatformSupportModulesInManaged (7ms)
				SetLoadedEditorAssemblies (2ms)
				RefreshPlugins (2ms)
				BeforeProcessingInitializeOnLoad (198ms)
				ProcessInitializeOnLoadAttributes (389ms)
				ProcessInitializeOnLoadMethodAttributes (19ms)
				AfterProcessingInitializeOnLoad (3ms)
				EditorAssembliesLoaded (0ms)
			ExecutionOrderSort2 (0ms)
			AwakeInstancesAfterBackupRestoration (13ms)
Platform modules already initialized, skipping
Refreshing native plugins compatible for Editor in 1.00 ms, found 2 plugins.
Preloading 0 native plugins for Editor in 0.00 ms.
Unloading 1514 Unused Serialized files (Serialized files now loaded: 0)
System memory in use before: 226.9 MB.
System memory in use after: 226.4 MB.

Unloading 26 unused Assets to reduce memory usage. Loaded Objects now: 2081.
Total: 3.974639 ms (FindLiveObjects: 0.375303 ms CreateObjectMapping: 0.071166 ms MarkObjects: 3.000716 ms  DeleteObjects: 0.526339 ms)

AssetImportParameters requested are different than current active one (requested -> active):
  custom:video-decoder-ogg-theora: a1e56fd34408186e4bbccfd4996cb3dc -> 
  custom:container-muxer-webm: aa71ff27fc2769a1b78a27578f13a17b -> 
  custom:container-demuxer-webm: 4f35f7cbe854078d1ac9338744f61a02 -> 
  custom:container-demuxer-ogg: 62fdf1f143b41e24485cea50d1cbac27 -> 
  custom:video-encoder-webm-vp8: eb34c28f22e8b96e1ab97ce403110664 -> 
  custom:framework-osx-AVFoundation: b23960f63f64bdc6ff669e2cdcee2391 -> 
  custom:video-decoder-webm-vp8: 9c59270c3fd7afecdb556c50c9e8de78 -> 
  custom:audio-decoder-ogg-vorbis: bf7c407c2cedff20999df2af8eb42d56 -> 
  custom:audio-encoder-webm-vorbis: bf7c407c2cedff20999df2af8eb42d56 -> 
========================================================================
Received Import Request.
  Time since last request: 177.609272 seconds.
  path: Assets/Scripts/MainMenu.cs
  artifactKey: Guid(51b0eb2c982a845cdb74c64b4c96d975) Importer(815301076,1909f56bfc062723c751e8b465ee728b)
Start importing Assets/Scripts/MainMenu.cs using Guid(51b0eb2c982a845cdb74c64b4c96d975) Importer(815301076,1909f56bfc062723c751e8b465ee728b)  -> (artifact id: 'f3036d26a0287bfdec7b4d53e1af0661') in 0.012979 seconds 
  Import took 0.016866 seconds .

========================================================================
Received Prepare
Registering precompiled user dll's ...
Registered in 0.013867 seconds.
Begin MonoManager ReloadAssembly
Native extension for OSXStandalone target not found
Refreshing native plugins compatible for Editor in 0.60 ms, found 2 plugins.
Preloading 0 native plugins for Editor in 0.00 ms.
Mono: successfully reloaded assembly
- Completed reload, in  2.335 seconds
Domain Reload Profiling:
	ReloadAssembly (2338ms)
		BeginReloadAssembly (293ms)
			ExecutionOrderSort (0ms)
			DisableScriptedObjects (12ms)
			BackupInstance (0ms)
			ReleaseScriptingObjects (0ms)
			CreateAndSetChildDomain (170ms)
		EndReloadAssembly (1914ms)
			LoadAssemblies (174ms)
			RebuildTransferFunctionScriptingTraits (0ms)
			SetupTypeCache (671ms)
			ReleaseScriptCaches (3ms)
			RebuildScriptCaches (109ms)
			SetupLoadedEditorAssemblies (681ms)
				LogAssemblyErrors (0ms)
				InitializePlatformSupportModulesInManaged (11ms)
				SetLoadedEditorAssemblies (1ms)
				RefreshPlugins (1ms)
				BeforeProcessingInitializeOnLoad (235ms)
				ProcessInitializeOnLoadAttributes (409ms)
				ProcessInitializeOnLoadMethodAttributes (22ms)
				AfterProcessingInitializeOnLoad (3ms)
				EditorAssembliesLoaded (1ms)
			ExecutionOrderSort2 (0ms)
			AwakeInstancesAfterBackupRestoration (16ms)
Platform modules already initialized, skipping
Refreshing native plugins compatible for Editor in 0.88 ms, found 2 plugins.
Preloading 0 native plugins for Editor in 0.00 ms.
Unloading 1514 Unused Serialized files (Serialized files now loaded: 0)
System memory in use before: 227.1 MB.
System memory in use after: 226.6 MB.

Unloading 26 unused Assets to reduce memory usage. Loaded Objects now: 2083.
Total: 9.023306 ms (FindLiveObjects: 0.493502 ms CreateObjectMapping: 0.112126 ms MarkObjects: 7.715038 ms  DeleteObjects: 0.700973 ms)

AssetImportParameters requested are different than current active one (requested -> active):
  custom:video-decoder-ogg-theora: a1e56fd34408186e4bbccfd4996cb3dc -> 
  custom:container-muxer-webm: aa71ff27fc2769a1b78a27578f13a17b -> 
  custom:container-demuxer-webm: 4f35f7cbe854078d1ac9338744f61a02 -> 
  custom:container-demuxer-ogg: 62fdf1f143b41e24485cea50d1cbac27 -> 
  custom:video-encoder-webm-vp8: eb34c28f22e8b96e1ab97ce403110664 -> 
  custom:framework-osx-AVFoundation: b23960f63f64bdc6ff669e2cdcee2391 -> 
  custom:video-decoder-webm-vp8: 9c59270c3fd7afecdb556c50c9e8de78 -> 
  custom:audio-decoder-ogg-vorbis: bf7c407c2cedff20999df2af8eb42d56 -> 
  custom:audio-encoder-webm-vorbis: bf7c407c2cedff20999df2af8eb42d56 -> 
========================================================================
Received Prepare
Registering precompiled user dll's ...
Registered in 0.011669 seconds.
Begin MonoManager ReloadAssembly
Native extension for OSXStandalone target not found
Refreshing native plugins compatible for Editor in 0.65 ms, found 2 plugins.
Preloading 0 native plugins for Editor in 0.00 ms.
Mono: successfully reloaded assembly
- Completed reload, in  4.929 seconds
Domain Reload Profiling:
	ReloadAssembly (4940ms)
		BeginReloadAssembly (868ms)
			ExecutionOrderSort (0ms)
			DisableScriptedObjects (39ms)
			BackupInstance (0ms)
			ReleaseScriptingObjects (3ms)
			CreateAndSetChildDomain (514ms)
		EndReloadAssembly (3690ms)
			LoadAssemblies (496ms)
			RebuildTransferFunctionScriptingTraits (0ms)
			SetupTypeCache (1812ms)
			ReleaseScriptCaches (3ms)
			RebuildScriptCaches (380ms)
			SetupLoadedEditorAssemblies (743ms)
				LogAssemblyErrors (0ms)
				InitializePlatformSupportModulesInManaged (11ms)
				SetLoadedEditorAssemblies (1ms)
				RefreshPlugins (1ms)
				BeforeProcessingInitializeOnLoad (236ms)
				ProcessInitializeOnLoadAttributes (472ms)
				ProcessInitializeOnLoadMethodAttributes (18ms)
				AfterProcessingInitializeOnLoad (3ms)
				EditorAssembliesLoaded (1ms)
			ExecutionOrderSort2 (0ms)
			AwakeInstancesAfterBackupRestoration (20ms)
Platform modules already initialized, skipping
Refreshing native plugins compatible for Editor in 0.58 ms, found 2 plugins.
Preloading 0 native plugins for Editor in 0.00 ms.
Unloading 1514 Unused Serialized files (Serialized files now loaded: 0)
System memory in use before: 227.3 MB.
System memory in use after: 226.8 MB.

Unloading 26 unused Assets to reduce memory usage. Loaded Objects now: 2085.
Total: 4.297891 ms (FindLiveObjects: 0.363515 ms CreateObjectMapping: 0.072518 ms MarkObjects: 3.355062 ms  DeleteObjects: 0.505607 ms)

AssetImportParameters requested are different than current active one (requested -> active):
  custom:video-decoder-ogg-theora: a1e56fd34408186e4bbccfd4996cb3dc -> 
  custom:container-muxer-webm: aa71ff27fc2769a1b78a27578f13a17b -> 
  custom:container-demuxer-webm: 4f35f7cbe854078d1ac9338744f61a02 -> 
  custom:container-demuxer-ogg: 62fdf1f143b41e24485cea50d1cbac27 -> 
  custom:video-encoder-webm-vp8: eb34c28f22e8b96e1ab97ce403110664 -> 
  custom:framework-osx-AVFoundation: b23960f63f64bdc6ff669e2cdcee2391 -> 
  custom:video-decoder-webm-vp8: 9c59270c3fd7afecdb556c50c9e8de78 -> 
  custom:audio-decoder-ogg-vorbis: bf7c407c2cedff20999df2af8eb42d56 -> 
  custom:audio-encoder-webm-vorbis: bf7c407c2cedff20999df2af8eb42d56 -> 
========================================================================
Received Prepare
Registering precompiled user dll's ...
Registered in 0.018449 seconds.
Begin MonoManager ReloadAssembly
Native extension for OSXStandalone target not found
Refreshing native plugins compatible for Editor in 0.55 ms, found 2 plugins.
Preloading 0 native plugins for Editor in 0.00 ms.
Mono: successfully reloaded assembly
- Completed reload, in  3.036 seconds
Domain Reload Profiling:
	ReloadAssembly (3037ms)
		BeginReloadAssembly (339ms)
			ExecutionOrderSort (0ms)
			DisableScriptedObjects (15ms)
			BackupInstance (0ms)
			ReleaseScriptingObjects (0ms)
			CreateAndSetChildDomain (171ms)
		EndReloadAssembly (2509ms)
			LoadAssemblies (250ms)
			RebuildTransferFunctionScriptingTraits (0ms)
			SetupTypeCache (1086ms)
			ReleaseScriptCaches (1ms)
			RebuildScriptCaches (133ms)
			SetupLoadedEditorAssemblies (842ms)
				LogAssemblyErrors (0ms)
				InitializePlatformSupportModulesInManaged (7ms)
				SetLoadedEditorAssemblies (1ms)
				RefreshPlugins (1ms)
				BeforeProcessingInitializeOnLoad (328ms)
				ProcessInitializeOnLoadAttributes (472ms)
				ProcessInitializeOnLoadMethodAttributes (29ms)
				AfterProcessingInitializeOnLoad (4ms)
				EditorAssembliesLoaded (1ms)
			ExecutionOrderSort2 (0ms)
			AwakeInstancesAfterBackupRestoration (14ms)
Platform modules already initialized, skipping
Refreshing native plugins compatible for Editor in 0.75 ms, found 2 plugins.
Preloading 0 native plugins for Editor in 0.00 ms.
Unloading 1514 Unused Serialized files (Serialized files now loaded: 0)
System memory in use before: 227.5 MB.
System memory in use after: 226.9 MB.

Unloading 26 unused Assets to reduce memory usage. Loaded Objects now: 2087.
Total: 5.373192 ms (FindLiveObjects: 0.286694 ms CreateObjectMapping: 0.102360 ms MarkObjects: 4.411444 ms  DeleteObjects: 0.570860 ms)

AssetImportParameters requested are different than current active one (requested -> active):
  custom:video-decoder-ogg-theora: a1e56fd34408186e4bbccfd4996cb3dc -> 
  custom:container-muxer-webm: aa71ff27fc2769a1b78a27578f13a17b -> 
  custom:container-demuxer-webm: 4f35f7cbe854078d1ac9338744f61a02 -> 
  custom:container-demuxer-ogg: 62fdf1f143b41e24485cea50d1cbac27 -> 
  custom:video-encoder-webm-vp8: eb34c28f22e8b96e1ab97ce403110664 -> 
  custom:framework-osx-AVFoundation: b23960f63f64bdc6ff669e2cdcee2391 -> 
  custom:video-decoder-webm-vp8: 9c59270c3fd7afecdb556c50c9e8de78 -> 
  custom:audio-decoder-ogg-vorbis: bf7c407c2cedff20999df2af8eb42d56 -> 
  custom:audio-encoder-webm-vorbis: bf7c407c2cedff20999df2af8eb42d56 -> 
========================================================================
Received Prepare
Registering precompiled user dll's ...
Registered in 0.005325 seconds.
Begin MonoManager ReloadAssembly
Native extension for OSXStandalone target not found
Refreshing native plugins compatible for Editor in 1.29 ms, found 2 plugins.
Preloading 0 native plugins for Editor in 0.00 ms.
Mono: successfully reloaded assembly
- Completed reload, in  2.462 seconds
Domain Reload Profiling:
	ReloadAssembly (2462ms)
		BeginReloadAssembly (254ms)
			ExecutionOrderSort (0ms)
			DisableScriptedObjects (10ms)
			BackupInstance (0ms)
			ReleaseScriptingObjects (0ms)
			CreateAndSetChildDomain (136ms)
		EndReloadAssembly (2069ms)
			LoadAssemblies (145ms)
			RebuildTransferFunctionScriptingTraits (0ms)
			SetupTypeCache (817ms)
			ReleaseScriptCaches (3ms)
			RebuildScriptCaches (112ms)
			SetupLoadedEditorAssemblies (684ms)
				LogAssemblyErrors (0ms)
				InitializePlatformSupportModulesInManaged (13ms)
				SetLoadedEditorAssemblies (1ms)
				RefreshPlugins (1ms)
				BeforeProcessingInitializeOnLoad (218ms)
				ProcessInitializeOnLoadAttributes (430ms)
				ProcessInitializeOnLoadMethodAttributes (19ms)
				AfterProcessingInitializeOnLoad (2ms)
				EditorAssembliesLoaded (0ms)
			ExecutionOrderSort2 (0ms)
			AwakeInstancesAfterBackupRestoration (13ms)
Platform modules already initialized, skipping
Refreshing native plugins compatible for Editor in 0.69 ms, found 2 plugins.
Preloading 0 native plugins for Editor in 0.00 ms.
Unloading 1514 Unused Serialized files (Serialized files now loaded: 0)
System memory in use before: 227.6 MB.
System memory in use after: 227.1 MB.

Unloading 26 unused Assets to reduce memory usage. Loaded Objects now: 2089.
Total: 5.216217 ms (FindLiveObjects: 0.448690 ms CreateObjectMapping: 0.090311 ms MarkObjects: 4.077956 ms  DeleteObjects: 0.597797 ms)

AssetImportParameters requested are different than current active one (requested -> active):
  custom:video-decoder-ogg-theora: a1e56fd34408186e4bbccfd4996cb3dc -> 
  custom:container-muxer-webm: aa71ff27fc2769a1b78a27578f13a17b -> 
  custom:container-demuxer-webm: 4f35f7cbe854078d1ac9338744f61a02 -> 
  custom:container-demuxer-ogg: 62fdf1f143b41e24485cea50d1cbac27 -> 
  custom:video-encoder-webm-vp8: eb34c28f22e8b96e1ab97ce403110664 -> 
  custom:framework-osx-AVFoundation: b23960f63f64bdc6ff669e2cdcee2391 -> 
  custom:video-decoder-webm-vp8: 9c59270c3fd7afecdb556c50c9e8de78 -> 
  custom:audio-decoder-ogg-vorbis: bf7c407c2cedff20999df2af8eb42d56 -> 
  custom:audio-encoder-webm-vorbis: bf7c407c2cedff20999df2af8eb42d56 -> 
========================================================================
Received Prepare
Registering precompiled user dll's ...
Registered in 0.018441 seconds.
Begin MonoManager ReloadAssembly
Native extension for OSXStandalone target not found
Refreshing native plugins compatible for Editor in 1.26 ms, found 2 plugins.
Preloading 0 native plugins for Editor in 0.00 ms.
Mono: successfully reloaded assembly
- Completed reload, in  2.480 seconds
Domain Reload Profiling:
	ReloadAssembly (2481ms)
		BeginReloadAssembly (269ms)
			ExecutionOrderSort (0ms)
			DisableScriptedObjects (14ms)
			BackupInstance (0ms)
			ReleaseScriptingObjects (0ms)
			CreateAndSetChildDomain (143ms)
		EndReloadAssembly (2049ms)
			LoadAssemblies (201ms)
			RebuildTransferFunctionScriptingTraits (0ms)
			SetupTypeCache (781ms)
			ReleaseScriptCaches (1ms)
			RebuildScriptCaches (137ms)
			SetupLoadedEditorAssemblies (681ms)
				LogAssemblyErrors (0ms)
				InitializePlatformSupportModulesInManaged (9ms)
				SetLoadedEditorAssemblies (1ms)
				RefreshPlugins (1ms)
				BeforeProcessingInitializeOnLoad (214ms)
				ProcessInitializeOnLoadAttributes (430ms)
				ProcessInitializeOnLoadMethodAttributes (24ms)
				AfterProcessingInitializeOnLoad (3ms)
				EditorAssembliesLoaded (0ms)
			ExecutionOrderSort2 (0ms)
			AwakeInstancesAfterBackupRestoration (16ms)
Platform modules already initialized, skipping
Refreshing native plugins compatible for Editor in 0.63 ms, found 2 plugins.
Preloading 0 native plugins for Editor in 0.00 ms.
Unloading 1514 Unused Serialized files (Serialized files now loaded: 0)
System memory in use before: 227.8 MB.
System memory in use after: 227.3 MB.

Unloading 26 unused Assets to reduce memory usage. Loaded Objects now: 2091.
Total: 3.790349 ms (FindLiveObjects: 0.222782 ms CreateObjectMapping: 0.078873 ms MarkObjects: 2.984429 ms  DeleteObjects: 0.503087 ms)

AssetImportParameters requested are different than current active one (requested -> active):
  custom:video-decoder-ogg-theora: a1e56fd34408186e4bbccfd4996cb3dc -> 
  custom:container-muxer-webm: aa71ff27fc2769a1b78a27578f13a17b -> 
  custom:container-demuxer-webm: 4f35f7cbe854078d1ac9338744f61a02 -> 
  custom:container-demuxer-ogg: 62fdf1f143b41e24485cea50d1cbac27 -> 
  custom:video-encoder-webm-vp8: eb34c28f22e8b96e1ab97ce403110664 -> 
  custom:framework-osx-AVFoundation: b23960f63f64bdc6ff669e2cdcee2391 -> 
  custom:video-decoder-webm-vp8: 9c59270c3fd7afecdb556c50c9e8de78 -> 
  custom:audio-decoder-ogg-vorbis: bf7c407c2cedff20999df2af8eb42d56 -> 
  custom:audio-encoder-webm-vorbis: bf7c407c2cedff20999df2af8eb42d56 -> 
========================================================================
Received Prepare
Registering precompiled user dll's ...
Registered in 0.014311 seconds.
Begin MonoManager ReloadAssembly
Native extension for OSXStandalone target not found
Refreshing native plugins compatible for Editor in 0.81 ms, found 2 plugins.
Preloading 0 native plugins for Editor in 0.00 ms.
Mono: successfully reloaded assembly
- Completed reload, in  2.070 seconds
Domain Reload Profiling:
	ReloadAssembly (2071ms)
		BeginReloadAssembly (218ms)
			ExecutionOrderSort (0ms)
			DisableScriptedObjects (6ms)
			BackupInstance (0ms)
			ReleaseScriptingObjects (0ms)
			CreateAndSetChildDomain (96ms)
		EndReloadAssembly (1730ms)
			LoadAssemblies (190ms)
			RebuildTransferFunctionScriptingTraits (0ms)
			SetupTypeCache (655ms)
			ReleaseScriptCaches (1ms)
			RebuildScriptCaches (88ms)
			SetupLoadedEditorAssemblies (598ms)
				LogAssemblyErrors (0ms)
				InitializePlatformSupportModulesInManaged (8ms)
				SetLoadedEditorAssemblies (1ms)
				RefreshPlugins (1ms)
				BeforeProcessingInitializeOnLoad (210ms)
				ProcessInitializeOnLoadAttributes (358ms)
				ProcessInitializeOnLoadMethodAttributes (18ms)
				AfterProcessingInitializeOnLoad (2ms)
				EditorAssembliesLoaded (0ms)
			ExecutionOrderSort2 (0ms)
			AwakeInstancesAfterBackupRestoration (12ms)
Platform modules already initialized, skipping
Refreshing native plugins compatible for Editor in 0.95 ms, found 2 plugins.
Preloading 0 native plugins for Editor in 0.00 ms.
Unloading 1514 Unused Serialized files (Serialized files now loaded: 0)
System memory in use before: 228.0 MB.
System memory in use after: 227.5 MB.

Unloading 26 unused Assets to reduce memory usage. Loaded Objects now: 2093.
Total: 5.502801 ms (FindLiveObjects: 0.267702 ms CreateObjectMapping: 0.065953 ms MarkObjects: 4.383890 ms  DeleteObjects: 0.783081 ms)

AssetImportParameters requested are different than current active one (requested -> active):
  custom:video-decoder-ogg-theora: a1e56fd34408186e4bbccfd4996cb3dc -> 
  custom:container-muxer-webm: aa71ff27fc2769a1b78a27578f13a17b -> 
  custom:container-demuxer-webm: 4f35f7cbe854078d1ac9338744f61a02 -> 
  custom:container-demuxer-ogg: 62fdf1f143b41e24485cea50d1cbac27 -> 
  custom:video-encoder-webm-vp8: eb34c28f22e8b96e1ab97ce403110664 -> 
  custom:framework-osx-AVFoundation: b23960f63f64bdc6ff669e2cdcee2391 -> 
  custom:video-decoder-webm-vp8: 9c59270c3fd7afecdb556c50c9e8de78 -> 
  custom:audio-decoder-ogg-vorbis: bf7c407c2cedff20999df2af8eb42d56 -> 
  custom:audio-encoder-webm-vorbis: bf7c407c2cedff20999df2af8eb42d56 -> 
